-------------------------------------------------------------------------------
Test set: User can navigate through Modules and Tabs
-------------------------------------------------------------------------------
Tests run: 4, Failures: 1, Errors: 0, Skipped: 0, Time elapsed: 28.648 s <<< FAILURE! - in User can navigate through Modules and Tabs
User can navigate(User can navigate through Modules and Tabs)  Time elapsed: 6.856 s  <<< FAILURE!
org.junit.ComparisonFailure: expected:<Top UK shares[ ERROR]> but was:<Top UK shares[]>

