-------------------------------------------------------------------------------
Test set: User may login
-------------------------------------------------------------------------------
Tests run: 4, Failures: 1, Errors: 0, Skipped: 0, Time elapsed: 24.988 s <<< FAILURE! - in User may login
User can test several credentials(User may login)  Time elapsed: 4.699 s  <<< FAILURE!
java.lang.AssertionError

